<?xml version="1.0" encoding="UTF-8"?>
<!-- Generated by org.testng.reporters.JUnitXMLReporter -->
<testsuite ignored="2" hostname="DESKTOP-50POJSR" failures="0" tests="1" name="Default test" time="21.053" errors="0" timestamp="24 Aug 2024 14:53:32 GMT">
  <testcase classname="com.testyantra.contacttest.CreateContactTest" name="createContactWithPhoneNumber" time="9.539"/>
  <testcase classname="com.testyantra.contacttest.CreateContactTest" name="createContactTest" time="0.0">
    <ignored/>
  </testcase> <!-- createContactTest -->
  <testcase classname="com.testyantra.contacttest.CreateContactTest" name="createContactWithOrganizationTest" time="0.0">
    <ignored/>
  </testcase> <!-- createContactWithOrganizationTest -->
</testsuite> <!-- Default test -->
