<?xml version="1.0" encoding="UTF-8"?>
<!-- Generated by org.testng.reporters.JUnitXMLReporter -->
<testsuite ignored="0" hostname="DESKTOP-50POJSR" failures="0" tests="3" name="Test" time="66.105" errors="0" timestamp="24 Aug 2024 15:03:47 GMT">
  <testcase classname="com.testyantra.contacttest.CreateContactTest" name="createContactTest" time="10.213"/>
  <testcase classname="com.testyantra.contacttest.CreateContactTest" name="createContactWithOrganizationTest" time="20.779"/>
  <testcase classname="com.testyantra.contacttest.CreateContactTest" name="createContactWithPhoneNumber" time="10.561"/>
</testsuite> <!-- Test -->
